<?xml version="1.0" encoding="UTF-8" standalone="yes"?><!DOCTYPE report PUBLIC "-//JACOCO//DTD Report 1.1//EN" "report.dtd"><report name="com.service"><sessioninfo id="AS-A6N0AS073065234-30b4864" start="1535945429319" dump="1535945429713"/><sessioninfo id="AS-A6N0AS073065234-97fb58f8" start="1535951739288" dump="1535951739751"/><sessioninfo id="AS-A6N0AS073065234-5a5c1a55" start="1535952291535" dump="1535952292131"/><sessioninfo id="AS-A6N0AS073065234-10b29bf9" start="1535952364243" dump="1535952365150"/><sessioninfo id="AS-A6N0AS073065234-ffa8d97d" start="1535954287236" dump="1535954288170"/><sessioninfo id="AS-A6N0AS073065234-d1dbe711" start="1535954377847" dump="1535954378622"/><sessioninfo id="AS-A6N0AS073065234-bc85777b" start="1535954418914" dump="1535954419768"/><sessioninfo id="AS-A6N0AS073065234-8165d861" start="1535960967217" dump="1535960968032"/><sessioninfo id="AS-A6N0AS073065234-b88d4e8c" start="1535962127844" dump="1535962128912"/><sessioninfo id="AS-A6N0AS073065234-91d14d16" start="1535962343466" dump="1535962344620"/><sessioninfo id="AS-A6N0AS073065234-9702f19f" start="1535962485453" dump="1535962486403"/><sessioninfo id="AS-A6N0AS073065234-f3f77b34" start="1535962645162" dump="1535962645992"/><sessioninfo id="AS-A6N0AS073065234-622dc124" start="1535962752568" dump="1535962754089"/><sessioninfo id="AS-A6N0AS073065234-3d82b842" start="1535968428269" dump="1535968429238"/><sessioninfo id="AS-A6N0AS073065234-df9e9368" start="1535968629150" dump="1535968630132"/><sessioninfo id="AS-A6N0AS073065234-5ae293ac" start="1535968833024" dump="1535968833971"/><sessioninfo id="AS-A6N0AS073065234-9358803b" start="1535968856719" dump="1535968857580"/><sessioninfo id="AS-A6N0AS073065234-81e47f35" start="1535968980065" dump="1535968981003"/><sessioninfo id="AS-A6N0AS073065234-335bd251" start="1535969164549" dump="1535969165977"/><sessioninfo id="AS-A6N0AS073065234-52730aa2" start="1535969634786" dump="1535969635708"/><sessioninfo id="AS-A6N0AS073065234-ee96f5b6" start="1535969690404" dump="1535969691180"/><sessioninfo id="AS-A6N0AS073065234-d1787a61" start="1535969701347" dump="1535969702153"/><sessioninfo id="AS-A6N0AS073065234-2d01fc8b" start="1535969729710" dump="1535969730556"/><sessioninfo id="AS-A6N0AS073065234-f3d94680" start="1535969987479" dump="1535969988556"/><sessioninfo id="AS-A6N0AS073065234-cc23bf40" start="1535973097574" dump="1535973098572"/><sessioninfo id="AS-A6N0AS073065234-1100a199" start="1535973333818" dump="1535973334621"/><sessioninfo id="AS-A6N0AS073065234-89d6b1cf" start="1535973509318" dump="1535973510286"/><sessioninfo id="AS-A6N0AS073065234-a53f85d8" start="1535973694916" dump="1535973695689"/><sessioninfo id="AS-A6N0AS073065234-301e14b2" start="1535973757363" dump="1535973758303"/><sessioninfo id="AS-A6N0AS073065234-cfe12388" start="1535973935420" dump="1535973936292"/><sessioninfo id="AS-A6N0AS073065234-ab8d471c" start="1535973960177" dump="1535973961113"/><sessioninfo id="AS-A6N0AS073065234-44ca3a2b" start="1535974568794" dump="1535974569920"/><sessioninfo id="AS-A6N0AS073065234-6005e62b" start="1536027708908" dump="1536027709884"/><sessioninfo id="AS-A6N0AS073065234-34a31a54" start="1536041374170" dump="1536041375203"/><sessioninfo id="AS-A6N0AS073065234-64831725" start="1536041594627" dump="1536041595494"/><sessioninfo id="AS-A6N0AS073065234-913b1f7e" start="1536041623324" dump="1536041624185"/><sessioninfo id="AS-A6N0AS073065234-4981499e" start="1536041637953" dump="1536041638845"/><sessioninfo id="AS-A6N0AS073065234-46d2cb7" start="1536041713732" dump="1536041714710"/><sessioninfo id="AS-A6N0AS073065234-5e4948c" start="1536050842209" dump="1536050843103"/><sessioninfo id="AS-A6N0AS073065234-ccb3c19c" start="1536050863190" dump="1536050864162"/><sessioninfo id="AS-A6N0AS073065234-5e05dfe4" start="1536050946629" dump="1536050947483"/><sessioninfo id="AS-A6N0AS073065234-2260f3de" start="1536052592390" dump="1536052593689"/><sessioninfo id="AS-A6N0AS073065234-ea3a8a6a" start="1536053308866" dump="1536053309928"/><sessioninfo id="AS-A6N0AS073065234-47a64ac5" start="1536053327575" dump="1536053328676"/><sessioninfo id="AS-A6N0AS073065234-e91ad4d9" start="1536057055193" dump="1536057056148"/><sessioninfo id="AS-A6N0AS073065234-222b0d32" start="1536057384657" dump="1536057385901"/><sessioninfo id="AS-A6N0AS073065234-a0150212" start="1536057426595" dump="1536057427762"/><sessioninfo id="AS-A6N0AS073065234-6421f205" start="1536057476987" dump="1536057478114"/><sessioninfo id="AS-A6N0AS073065234-661adc99" start="1536131518121" dump="1536131519703"/><sessioninfo id="AS-A6N0AS073065234-88c5e39" start="1536131601187" dump="1536131602300"/><sessioninfo id="AS-A6N0AS073065234-30a29427" start="1536131655006" dump="1536131656083"/><sessioninfo id="AS-A6N0AS073065234-5d4f6a4a" start="1536131694274" dump="1536131700152"/><sessioninfo id="AS-A6N0AS073065234-222bb39" start="1536131722464" dump="1536131727970"/><sessioninfo id="AS-A6N0AS073065234-5961ed1" start="1536131755222" dump="1536131756348"/><sessioninfo id="AS-A6N0AS073065234-f0aea6fa" start="1536131785863" dump="1536131786851"/><sessioninfo id="AS-A6N0AS073065234-a326c96d" start="1536131865576" dump="1536131866752"/><sessioninfo id="AS-A6N0AS073065234-ca123648" start="1536132798298" dump="1536132800188"/><sessioninfo id="AS-A6N0AS073065234-bf20efed" start="1536197299248" dump="1536197303680"/><sessioninfo id="AS-A6N0AS073065234-97363dfd" start="1536197369780" dump="1536197373284"/><sessioninfo id="AS-A6N0AS073065234-c11b8024" start="1536198385588" dump="1536198387616"/><package name="com/service"><class name="com/service/RaceServiceImpl" sourcefilename="RaceServiceImpl.java"><method name="&lt;init&gt;" desc="()V" line="13"><counter type="INSTRUCTION" missed="0" covered="42"/><counter type="LINE" missed="0" covered="3"/><counter type="COMPLEXITY" missed="0" covered="1"/><counter type="METHOD" missed="0" covered="1"/></method><method name="getHorses" desc="()Ljava/util/List;" line="27"><counter type="INSTRUCTION" missed="0" covered="3"/><counter type="LINE" missed="0" covered="1"/><counter type="COMPLEXITY" missed="0" covered="1"/><counter type="METHOD" missed="0" covered="1"/></method><method name="startRace" desc="(I)V" line="31"><counter type="INSTRUCTION" missed="0" covered="17"/><counter type="LINE" missed="0" covered="6"/><counter type="COMPLEXITY" missed="0" covered="1"/><counter type="METHOD" missed="0" covered="1"/></method><method name="runTo" desc="(Lcom/model/Horse;I)V" line="39"><counter type="INSTRUCTION" missed="0" covered="57"/><counter type="BRANCH" missed="0" covered="2"/><counter type="LINE" missed="0" covered="7"/><counter type="COMPLEXITY" missed="0" covered="2"/><counter type="METHOD" missed="0" covered="1"/></method><method name="gallop" desc="(Lcom/model/Horse;)I" line="48"><counter type="INSTRUCTION" missed="0" covered="17"/><counter type="LINE" missed="0" covered="4"/><counter type="COMPLEXITY" missed="0" covered="1"/><counter type="METHOD" missed="0" covered="1"/></method><method name="getHealthyHorsesCount" desc="()I" line="56"><counter type="INSTRUCTION" missed="0" covered="10"/><counter type="LINE" missed="0" covered="4"/><counter type="COMPLEXITY" missed="0" covered="1"/><counter type="METHOD" missed="0" covered="1"/></method><method name="generateHorses" desc="(ILjava/util/ArrayList;)I" line="63"><counter type="INSTRUCTION" missed="0" covered="57"/><counter type="BRANCH" missed="0" covered="2"/><counter type="LINE" missed="0" covered="10"/><counter type="COMPLEXITY" missed="0" covered="2"/><counter type="METHOD" missed="0" covered="1"/></method><method name="lambda$generateHorses$5" desc="(Lcom/model/Horse;)V" line="73"><counter type="INSTRUCTION" missed="0" covered="5"/><counter type="LINE" missed="0" covered="1"/><counter type="COMPLEXITY" missed="0" covered="1"/><counter type="METHOD" missed="0" covered="1"/></method><method name="lambda$generateHorses$4" desc="(Lcom/model/Horse;)Z" line="72"><counter type="INSTRUCTION" missed="0" covered="8"/><counter type="BRANCH" missed="0" covered="2"/><counter type="LINE" missed="0" covered="1"/><counter type="COMPLEXITY" missed="0" covered="2"/><counter type="METHOD" missed="0" covered="1"/></method><method name="lambda$getHealthyHorsesCount$3" desc="(Lcom/model/Horse;)Z" line="57"><counter type="INSTRUCTION" missed="0" covered="8"/><counter type="BRANCH" missed="0" covered="2"/><counter type="LINE" missed="0" covered="1"/><counter type="COMPLEXITY" missed="0" covered="2"/><counter type="METHOD" missed="0" covered="1"/></method><method name="lambda$startRace$2" desc="(Lcom/model/Horse;)V" line="34"><counter type="INSTRUCTION" missed="0" covered="15"/><counter type="LINE" missed="0" covered="1"/><counter type="COMPLEXITY" missed="0" covered="1"/><counter type="METHOD" missed="0" covered="1"/></method><method name="lambda$startRace$1" desc="(ILcom/model/Horse;)V" line="33"><counter type="INSTRUCTION" missed="0" covered="5"/><counter type="LINE" missed="0" covered="1"/><counter type="COMPLEXITY" missed="0" covered="1"/><counter type="METHOD" missed="0" covered="1"/></method><method name="lambda$startRace$0" desc="(Lcom/model/Horse;)Z" line="32"><counter type="INSTRUCTION" missed="0" covered="8"/><counter type="BRANCH" missed="0" covered="2"/><counter type="LINE" missed="0" covered="1"/><counter type="COMPLEXITY" missed="0" covered="2"/><counter type="METHOD" missed="0" covered="1"/></method><counter type="INSTRUCTION" missed="0" covered="252"/><counter type="BRANCH" missed="0" covered="10"/><counter type="LINE" missed="0" covered="35"/><counter type="COMPLEXITY" missed="0" covered="18"/><counter type="METHOD" missed="0" covered="13"/><counter type="CLASS" missed="0" covered="1"/></class><sourcefile name="RaceServiceImpl.java"><line nr="13" mi="0" ci="2" mb="0" cb="0"/><line nr="15" mi="0" ci="3" mb="0" cb="0"/><line nr="17" mi="0" ci="37" mb="0" cb="0"/><line nr="27" mi="0" ci="3" mb="0" cb="0"/><line nr="31" mi="0" ci="5" mb="0" cb="0"/><line nr="32" mi="0" ci="12" mb="0" cb="2"/><line nr="33" mi="0" ci="7" mb="0" cb="0"/><line nr="34" mi="0" ci="16" mb="0" cb="0"/><line nr="35" mi="0" ci="4" mb="0" cb="0"/><line nr="36" mi="0" ci="1" mb="0" cb="0"/><line nr="39" mi="0" ci="3" mb="0" cb="0"/><line nr="40" mi="0" ci="4" mb="0" cb="2"/><line nr="41" mi="0" ci="4" mb="0" cb="0"/><line nr="42" mi="0" ci="30" mb="0" cb="0"/><line nr="43" mi="0" ci="1" mb="0" cb="0"/><line nr="44" mi="0" ci="14" mb="0" cb="0"/><line nr="45" mi="0" ci="1" mb="0" cb="0"/><line nr="48" mi="0" ci="3" mb="0" cb="0"/><line nr="49" mi="0" ci="6" mb="0" cb="0"/><line nr="50" mi="0" ci="6" mb="0" cb="0"/><line nr="52" mi="0" ci="2" mb="0" cb="0"/><line nr="56" mi="0" ci="4" mb="0" cb="0"/><line nr="57" mi="0" ci="9" mb="0" cb="2"/><line nr="58" mi="0" ci="3" mb="0" cb="0"/><line nr="59" mi="0" ci="2" mb="0" cb="0"/><line nr="63" mi="0" ci="4" mb="0" cb="0"/><line nr="64" mi="0" ci="5" mb="0" cb="0"/><line nr="66" mi="0" ci="7" mb="0" cb="2"/><line nr="67" mi="0" ci="25" mb="0" cb="0"/><line nr="70" mi="0" ci="3" mb="0" cb="0"/><line nr="71" mi="0" ci="4" mb="0" cb="0"/><line nr="72" mi="0" ci="10" mb="0" cb="2"/><line nr="73" mi="0" ci="6" mb="0" cb="0"/><line nr="74" mi="0" ci="2" mb="0" cb="0"/><line nr="76" mi="0" ci="4" mb="0" cb="0"/><counter type="INSTRUCTION" missed="0" covered="252"/><counter type="BRANCH" missed="0" covered="10"/><counter type="LINE" missed="0" covered="35"/><counter type="COMPLEXITY" missed="0" covered="18"/><counter type="METHOD" missed="0" covered="13"/><counter type="CLASS" missed="0" covered="1"/></sourcefile><counter type="INSTRUCTION" missed="0" covered="252"/><counter type="BRANCH" missed="0" covered="10"/><counter type="LINE" missed="0" covered="35"/><counter type="COMPLEXITY" missed="0" covered="18"/><counter type="METHOD" missed="0" covered="13"/><counter type="CLASS" missed="0" covered="1"/></package><counter type="INSTRUCTION" missed="0" covered="252"/><counter type="BRANCH" missed="0" covered="10"/><counter type="LINE" missed="0" covered="35"/><counter type="COMPLEXITY" missed="0" covered="18"/><counter type="METHOD" missed="0" covered="13"/><counter type="CLASS" missed="0" covered="1"/></report>